------------------------------------------------------------------------------------------------------------------------

[2021-02-17 12:26:29 #1 store] 
Database 'C:\Users\jorsh\OneDrive\Uni\II\IS1\eclipse\1Marron2020_resuelto\CasaRural.odb' is opened by 15992@DESKTOP-FNU169T

[2021-02-17 12:26:29 #2 store] 
Configuration path: ?

[2021-02-17 12:26:40 #3 type] 
Type domain.RuralHouse is not enhanced.

[2021-02-17 12:26:40 #4 type] 
Type domain.Offer is not enhanced.

------------------------------------------------------------------------------------------------------------------------

[2021-02-17 12:49:52 #1 store] 
Database 'C:\Users\jorsh\OneDrive\Uni\II\IS1\eclipse\1Marron2020_resuelto\CasaRural.odb' has been recovered (tr. 3-3)

[2021-02-17 12:49:52 #2 store] 
Database 'C:\Users\jorsh\OneDrive\Uni\II\IS1\eclipse\1Marron2020_resuelto\CasaRural.odb' is opened by 12776@DESKTOP-FNU169T

[2021-02-17 12:49:52 #3 store] 
Configuration path: ?

[2021-02-17 12:49:52 #4 type] 
Type domain.RuralHouse is not enhanced.

[2021-02-17 12:49:52 #5 type] 
Type domain.Offer is not enhanced.

------------------------------------------------------------------------------------------------------------------------

[2021-02-17 18:45:48 #1 store] 
Database 'C:\Users\jorsh\OneDrive\Uni\II\IS1\eclipse\1Marron2020_resuelto\CasaRural.odb' is opened by 3856@DESKTOP-FNU169T

[2021-02-17 18:45:48 #2 store] 
Configuration path: ?

[2021-02-17 18:45:48 #3 type] 
Type domain.RuralHouse is not enhanced.

[2021-02-17 18:45:48 #4 type] 
Type domain.Offer is not enhanced.

------------------------------------------------------------------------------------------------------------------------

[2021-02-17 18:55:15 #1 store] 
Database 'C:\Users\jorsh\OneDrive\Uni\II\IS1\eclipse\1Marron2020_resuelto\CasaRural.odb' is opened by 16040@DESKTOP-FNU169T

[2021-02-17 18:55:15 #2 store] 
Configuration path: ?

[2021-02-17 18:55:15 #3 type] 
Type domain.RuralHouse is not enhanced.

[2021-02-17 18:55:15 #4 type] 
Type domain.Offer is not enhanced.

------------------------------------------------------------------------------------------------------------------------

[2021-02-17 19:04:50 #1 store] 
Database 'C:\Users\jorsh\OneDrive\Uni\II\IS1\eclipse\1Marron2020_resuelto\CasaRural.odb' is opened by 3468@DESKTOP-FNU169T

[2021-02-17 19:04:50 #2 store] 
Configuration path: ?

[2021-02-17 19:04:50 #3 type] 
Type domain.RuralHouse is not enhanced.

[2021-02-17 19:04:50 #4 type] 
Type domain.Offer is not enhanced.

------------------------------------------------------------------------------------------------------------------------

[2021-02-17 19:24:20 #1 store] 
Database 'C:\Users\jorsh\OneDrive\Uni\II\IS1\eclipse\1Marron2020_resuelto\CasaRural.odb' is opened by 13868@DESKTOP-FNU169T

[2021-02-17 19:24:20 #2 store] 
Configuration path: ?

[2021-02-17 19:24:21 #3 type] 
Type domain.RuralHouse is not enhanced.

[2021-02-17 19:24:21 #4 type] 
Type domain.Offer is not enhanced.

