------------------------------------------------------------------------------------------------------------------------

[2021-02-18 11:06:01 #1 store] 
Database 'C:\Users\jorsh\OneDrive\Uni\II\IS1\eclipse\1Marron2020_resuelto\CasaRural.odb' is opened by 17104@DESKTOP-FNU169T

[2021-02-18 11:06:01 #2 store] 
Configuration path: ?

[2021-02-18 11:06:03 #3 type] 
Type domain.RuralHouse is not enhanced.

[2021-02-18 11:06:03 #4 type] 
Type domain.Offer is not enhanced.

------------------------------------------------------------------------------------------------------------------------

[2021-02-18 11:57:51 #1 store] 
Database 'C:\Users\jorsh\OneDrive\Uni\II\IS1\eclipse\1Marron2020_resuelto\CasaRural.odb' is opened by 17628@DESKTOP-FNU169T

[2021-02-18 11:57:51 #2 store] 
Configuration path: ?

[2021-02-18 11:57:51 #3 type] 
Type domain.RuralHouse is not enhanced.

[2021-02-18 11:57:51 #4 type] 
Type domain.Offer is not enhanced.

------------------------------------------------------------------------------------------------------------------------

[2021-02-18 12:01:27 #1 store] 
Database 'C:\Users\jorsh\OneDrive\Uni\II\IS1\eclipse\1Marron2020_resuelto\CasaRural.odb' is opened by 14580@DESKTOP-FNU169T

[2021-02-18 12:01:27 #2 store] 
Configuration path: ?

[2021-02-18 12:01:27 #3 type] 
Type domain.RuralHouse is not enhanced.

[2021-02-18 12:01:27 #4 type] 
Type domain.Offer is not enhanced.

